2020-09-12 14:13:13.644  INFO 16276 --- [restartedMain] c.s.a.PostUserCommentsApplication        : Starting PostUserCommentsApplication on DESKTOP-TPHENM6 with PID 16276 (C:\Lavakumar\worspace\java\spring\PostUserComments\target\classes started by magantilavakumar in C:\Lavakumar\worspace\java\spring\PostUserComments)
2020-09-12 14:13:13.645  INFO 16276 --- [restartedMain] c.s.a.PostUserCommentsApplication        : No active profile set, falling back to default profiles: default
2020-09-12 14:13:13.972  INFO 16276 --- [restartedMain] o.s.b.w.embedded.tomcat.TomcatWebServer  : Tomcat initialized with port(s): 9090 (http)
2020-09-12 14:13:13.973  INFO 16276 --- [restartedMain] o.apache.catalina.core.StandardService   : Starting service [Tomcat]
2020-09-12 14:13:13.974  INFO 16276 --- [restartedMain] org.apache.catalina.core.StandardEngine  : Starting Servlet engine: [Apache Tomcat/9.0.37]
2020-09-12 14:13:13.986  INFO 16276 --- [restartedMain] o.a.c.c.C.[Tomcat].[localhost].[/]       : Initializing Spring embedded WebApplicationContext
2020-09-12 14:13:13.987  INFO 16276 --- [restartedMain] w.s.c.ServletWebServerApplicationContext : Root WebApplicationContext: initialization completed in 337 ms
2020-09-12 14:13:14.044  INFO 16276 --- [restartedMain] o.s.s.concurrent.ThreadPoolTaskExecutor  : Initializing ExecutorService 'applicationTaskExecutor'
2020-09-12 14:13:14.114  INFO 16276 --- [restartedMain] o.s.b.d.a.OptionalLiveReloadServer       : LiveReload server is running on port 35729
2020-09-12 14:13:14.129  INFO 16276 --- [restartedMain] o.s.b.w.embedded.tomcat.TomcatWebServer  : Tomcat started on port(s): 9090 (http) with context path ''
2020-09-12 14:13:14.136  INFO 16276 --- [restartedMain] c.s.a.PostUserCommentsApplication        : Started PostUserCommentsApplication in 0.537 seconds (JVM running for 474.539)
2020-09-12 14:13:14.141  INFO 16276 --- [restartedMain] .ConditionEvaluationDeltaLoggingListener : Condition evaluation unchanged
2020-09-12 14:13:17.938  INFO 16276 --- [Thread-14] o.s.s.concurrent.ThreadPoolTaskExecutor  : Shutting down ExecutorService 'applicationTaskExecutor'
2020-09-12 14:13:18.137  INFO 16276 --- [restartedMain] c.s.a.PostUserCommentsApplication        : Starting PostUserCommentsApplication on DESKTOP-TPHENM6 with PID 16276 (C:\Lavakumar\worspace\java\spring\PostUserComments\target\classes started by magantilavakumar in C:\Lavakumar\worspace\java\spring\PostUserComments)
2020-09-12 14:13:18.138  INFO 16276 --- [restartedMain] c.s.a.PostUserCommentsApplication        : No active profile set, falling back to default profiles: default
2020-09-12 14:13:18.418  INFO 16276 --- [restartedMain] o.s.b.w.embedded.tomcat.TomcatWebServer  : Tomcat initialized with port(s): 9090 (http)
2020-09-12 14:13:18.419  INFO 16276 --- [restartedMain] o.apache.catalina.core.StandardService   : Starting service [Tomcat]
2020-09-12 14:13:18.420  INFO 16276 --- [restartedMain] org.apache.catalina.core.StandardEngine  : Starting Servlet engine: [Apache Tomcat/9.0.37]
2020-09-12 14:13:18.431  INFO 16276 --- [restartedMain] o.a.c.c.C.[Tomcat].[localhost].[/]       : Initializing Spring embedded WebApplicationContext
2020-09-12 14:13:18.431  INFO 16276 --- [restartedMain] w.s.c.ServletWebServerApplicationContext : Root WebApplicationContext: initialization completed in 288 ms
2020-09-12 14:13:18.489  INFO 16276 --- [restartedMain] o.s.s.concurrent.ThreadPoolTaskExecutor  : Initializing ExecutorService 'applicationTaskExecutor'
2020-09-12 14:13:18.554  INFO 16276 --- [restartedMain] o.s.b.d.a.OptionalLiveReloadServer       : LiveReload server is running on port 35729
2020-09-12 14:13:18.568  INFO 16276 --- [restartedMain] o.s.b.w.embedded.tomcat.TomcatWebServer  : Tomcat started on port(s): 9090 (http) with context path ''
2020-09-12 14:13:18.573  INFO 16276 --- [restartedMain] c.s.a.PostUserCommentsApplication        : Started PostUserCommentsApplication in 0.485 seconds (JVM running for 478.975)
2020-09-12 14:13:18.574  INFO 16276 --- [restartedMain] .ConditionEvaluationDeltaLoggingListener : Condition evaluation unchanged
2020-09-12 14:13:22.730  INFO 16276 --- [http-nio-9090-exec-1] o.a.c.c.C.[Tomcat].[localhost].[/]       : Initializing Spring DispatcherServlet 'dispatcherServlet'
2020-09-12 14:13:22.731  INFO 16276 --- [http-nio-9090-exec-1] o.s.web.servlet.DispatcherServlet        : Initializing Servlet 'dispatcherServlet'
2020-09-12 14:13:22.738  INFO 16276 --- [http-nio-9090-exec-1] o.s.web.servlet.DispatcherServlet        : Completed initialization in 6 ms
2020-09-12 14:13:23.592  INFO 16276 --- [http-nio-9090-exec-1] c.s.a.c.PostUserCommentController        : name,id
2020-09-12 14:18:53.729  INFO 16276 --- [Thread-23] o.s.s.concurrent.ThreadPoolTaskExecutor  : Shutting down ExecutorService 'applicationTaskExecutor'
2020-09-12 14:18:53.962  INFO 16276 --- [restartedMain] c.s.a.PostUserCommentsApplication        : Starting PostUserCommentsApplication on DESKTOP-TPHENM6 with PID 16276 (C:\Lavakumar\worspace\java\spring\PostUserComments\target\classes started by magantilavakumar in C:\Lavakumar\worspace\java\spring\PostUserComments)
2020-09-12 14:18:53.962  INFO 16276 --- [restartedMain] c.s.a.PostUserCommentsApplication        : No active profile set, falling back to default profiles: default
2020-09-12 14:18:54.288  INFO 16276 --- [restartedMain] o.s.b.w.embedded.tomcat.TomcatWebServer  : Tomcat initialized with port(s): 9090 (http)
2020-09-12 14:18:54.288  INFO 16276 --- [restartedMain] o.apache.catalina.core.StandardService   : Starting service [Tomcat]
2020-09-12 14:18:54.288  INFO 16276 --- [restartedMain] org.apache.catalina.core.StandardEngine  : Starting Servlet engine: [Apache Tomcat/9.0.37]
2020-09-12 14:18:54.301  INFO 16276 --- [restartedMain] o.a.c.c.C.[Tomcat].[localhost].[/]       : Initializing Spring embedded WebApplicationContext
2020-09-12 14:18:54.301  INFO 16276 --- [restartedMain] w.s.c.ServletWebServerApplicationContext : Root WebApplicationContext: initialization completed in 332 ms
2020-09-12 14:18:54.478  INFO 16276 --- [restartedMain] o.s.s.concurrent.ThreadPoolTaskExecutor  : Initializing ExecutorService 'applicationTaskExecutor'
2020-09-12 14:18:54.643  INFO 16276 --- [restartedMain] o.s.b.d.a.OptionalLiveReloadServer       : LiveReload server is running on port 35729
2020-09-12 14:18:54.664  INFO 16276 --- [restartedMain] o.s.b.w.embedded.tomcat.TomcatWebServer  : Tomcat started on port(s): 9090 (http) with context path ''
2020-09-12 14:18:54.672  INFO 16276 --- [restartedMain] c.s.a.PostUserCommentsApplication        : Started PostUserCommentsApplication in 0.765 seconds (JVM running for 815.074)
2020-09-12 14:18:54.674  INFO 16276 --- [restartedMain] .ConditionEvaluationDeltaLoggingListener : Condition evaluation unchanged
2020-09-12 14:18:54.873  INFO 16276 --- [RMI TCP Connection(25)-127.0.0.1] inMXBeanRegistrar$SpringApplicationAdmin : Application shutdown requested.
2020-09-12 14:18:55.663  INFO 16276 --- [RMI TCP Connection(25)-127.0.0.1] o.s.s.concurrent.ThreadPoolTaskExecutor  : Shutting down ExecutorService 'applicationTaskExecutor'
2020-09-12 14:19:02.861  INFO 19052 --- [restartedMain] c.s.a.PostUserCommentsApplication        : Starting PostUserCommentsApplication on DESKTOP-TPHENM6 with PID 19052 (C:\Lavakumar\worspace\java\spring\PostUserComments\target\classes started by magantilavakumar in C:\Lavakumar\worspace\java\spring\PostUserComments)
2020-09-12 14:19:02.867  INFO 19052 --- [restartedMain] c.s.a.PostUserCommentsApplication        : No active profile set, falling back to default profiles: default
2020-09-12 14:19:02.948  INFO 19052 --- [restartedMain] .e.DevToolsPropertyDefaultsPostProcessor : Devtools property defaults active! Set 'spring.devtools.add-properties' to 'false' to disable
2020-09-12 14:19:02.949  INFO 19052 --- [restartedMain] .e.DevToolsPropertyDefaultsPostProcessor : For additional web related logging consider setting the 'logging.level.web' property to 'DEBUG'
2020-09-12 14:19:03.918  INFO 19052 --- [restartedMain] o.s.b.w.embedded.tomcat.TomcatWebServer  : Tomcat initialized with port(s): 9090 (http)
2020-09-12 14:19:03.929  INFO 19052 --- [restartedMain] o.apache.catalina.core.StandardService   : Starting service [Tomcat]
2020-09-12 14:19:03.930  INFO 19052 --- [restartedMain] org.apache.catalina.core.StandardEngine  : Starting Servlet engine: [Apache Tomcat/9.0.37]
2020-09-12 14:19:04.022  INFO 19052 --- [restartedMain] o.a.c.c.C.[Tomcat].[localhost].[/]       : Initializing Spring embedded WebApplicationContext
2020-09-12 14:19:04.022  INFO 19052 --- [restartedMain] w.s.c.ServletWebServerApplicationContext : Root WebApplicationContext: initialization completed in 1072 ms
2020-09-12 14:19:04.286  INFO 19052 --- [restartedMain] o.s.s.concurrent.ThreadPoolTaskExecutor  : Initializing ExecutorService 'applicationTaskExecutor'
2020-09-12 14:19:04.619  INFO 19052 --- [restartedMain] o.s.b.d.a.OptionalLiveReloadServer       : LiveReload server is running on port 35729
2020-09-12 14:19:04.652  INFO 19052 --- [restartedMain] o.s.b.w.embedded.tomcat.TomcatWebServer  : Tomcat started on port(s): 9090 (http) with context path ''
2020-09-12 14:19:04.664  INFO 19052 --- [restartedMain] c.s.a.PostUserCommentsApplication        : Started PostUserCommentsApplication in 2.276 seconds (JVM running for 3.166)
2020-09-12 14:19:40.937  INFO 19052 --- [Thread-7] o.s.s.concurrent.ThreadPoolTaskExecutor  : Shutting down ExecutorService 'applicationTaskExecutor'
2020-09-12 14:19:41.060  INFO 19052 --- [restartedMain] c.s.a.PostUserCommentsApplication        : Starting PostUserCommentsApplication on DESKTOP-TPHENM6 with PID 19052 (C:\Lavakumar\worspace\java\spring\PostUserComments\target\classes started by magantilavakumar in C:\Lavakumar\worspace\java\spring\PostUserComments)
2020-09-12 14:19:41.060  INFO 19052 --- [restartedMain] c.s.a.PostUserCommentsApplication        : No active profile set, falling back to default profiles: default
2020-09-12 14:19:41.322  INFO 19052 --- [restartedMain] o.s.b.w.embedded.tomcat.TomcatWebServer  : Tomcat initialized with port(s): 9090 (http)
2020-09-12 14:19:41.323  INFO 19052 --- [restartedMain] o.apache.catalina.core.StandardService   : Starting service [Tomcat]
2020-09-12 14:19:41.324  INFO 19052 --- [restartedMain] org.apache.catalina.core.StandardEngine  : Starting Servlet engine: [Apache Tomcat/9.0.37]
2020-09-12 14:19:41.336  INFO 19052 --- [restartedMain] o.a.c.c.C.[Tomcat].[localhost].[/]       : Initializing Spring embedded WebApplicationContext
2020-09-12 14:19:41.336  INFO 19052 --- [restartedMain] w.s.c.ServletWebServerApplicationContext : Root WebApplicationContext: initialization completed in 273 ms
2020-09-12 14:19:41.377  INFO 19052 --- [restartedMain] o.s.s.concurrent.ThreadPoolTaskExecutor  : Initializing ExecutorService 'applicationTaskExecutor'
2020-09-12 14:19:41.434  INFO 19052 --- [restartedMain] o.s.b.d.a.OptionalLiveReloadServer       : LiveReload server is running on port 35729
2020-09-12 14:19:41.447  INFO 19052 --- [restartedMain] o.s.b.w.embedded.tomcat.TomcatWebServer  : Tomcat started on port(s): 9090 (http) with context path ''
2020-09-12 14:19:41.456  INFO 19052 --- [restartedMain] c.s.a.PostUserCommentsApplication        : Started PostUserCommentsApplication in 0.442 seconds (JVM running for 39.958)
2020-09-12 14:19:41.461  INFO 19052 --- [restartedMain] .ConditionEvaluationDeltaLoggingListener : Condition evaluation unchanged
2020-09-12 14:19:45.855  INFO 19052 --- [RMI TCP Connection(9)-127.0.0.1] inMXBeanRegistrar$SpringApplicationAdmin : Application shutdown requested.
2020-09-12 14:19:46.024  INFO 19052 --- [RMI TCP Connection(9)-127.0.0.1] o.s.s.concurrent.ThreadPoolTaskExecutor  : Shutting down ExecutorService 'applicationTaskExecutor'
